<?xml version="1.0" encoding="UTF-8"?>
<testsuite name="me.uhyunglee.springbootdeveloper.controller.TokenApiControllerTest" tests="1" skipped="0" failures="0" errors="0" timestamp="2024-01-21T00:22:29" hostname="UHYUNG-MacBookPro.local" time="0.238">
  <properties/>
  <testcase name="createNewAccessToken: 새로운 액세스 토큰을 발급한다." classname="me.uhyunglee.springbootdeveloper.controller.TokenApiControllerTest" time="0.238"/>
  <system-out><![CDATA[09:22:27.962 [Test worker] DEBUG org.springframework.boot.test.context.SpringBootTestContextBootstrapper - Neither @ContextConfiguration nor @ContextHierarchy found for test class [TokenApiControllerTest]: using SpringBootContextLoader
09:22:27.965 [Test worker] DEBUG org.springframework.test.context.support.AbstractContextLoader - Could not detect default resource locations for test class [me.uhyunglee.springbootdeveloper.controller.TokenApiControllerTest]: no resource found for suffixes {-context.xml, Context.groovy}.
09:22:27.965 [Test worker] INFO org.springframework.test.context.support.AnnotationConfigContextLoaderUtils - Could not detect default configuration classes for test class [me.uhyunglee.springbootdeveloper.controller.TokenApiControllerTest]: TokenApiControllerTest does not declare any static, non-private, non-final, nested classes annotated with @Configuration.
09:22:27.984 [Test worker] DEBUG org.springframework.boot.test.context.SpringBootTestContextBootstrapper - Using ContextCustomizers for test class [TokenApiControllerTest]: [DisableObservabilityContextCustomizer, PropertyMappingContextCustomizer, Customizer, ImportsContextCustomizer, ExcludeFilterContextCustomizer, DuplicateJsonObjectContextCustomizer, MockitoContextCustomizer, TestRestTemplateContextCustomizer]
09:22:28.029 [Test worker] DEBUG org.springframework.context.annotation.ClassPathScanningCandidateComponentProvider - Identified candidate component class: file [/Users/uhyunglee/IdeaProjects/springboot-developer/build/classes/java/main/me/uhyunglee/springbootdeveloper/SpringBootDeveloperApplication.class]
09:22:28.029 [Test worker] INFO org.springframework.boot.test.context.SpringBootTestContextBootstrapper - Found @SpringBootConfiguration me.uhyunglee.springbootdeveloper.SpringBootDeveloperApplication for test class me.uhyunglee.springbootdeveloper.controller.TokenApiControllerTest
09:22:28.072 [Test worker] DEBUG org.springframework.boot.test.context.SpringBootTestContextBootstrapper - Using TestExecutionListeners for test class [TokenApiControllerTest]: [ServletTestExecutionListener, DirtiesContextBeforeModesTestExecutionListener, ApplicationEventsTestExecutionListener, MockitoTestExecutionListener, DependencyInjectionTestExecutionListener, DirtiesContextTestExecutionListener, TransactionalTestExecutionListener, SqlScriptsTestExecutionListener, WithSecurityContextTestExecutionListener, EventPublishingTestExecutionListener, ReactorContextTestExecutionListener, RestDocsTestExecutionListener, MockRestServiceServerResetTestExecutionListener, MockMvcPrintOnlyOnFailureTestExecutionListener, WebDriverTestExecutionListener, MockWebServiceServerTestExecutionListener, ResetMocksTestExecutionListener]
09:22:28.073 [Test worker] DEBUG org.springframework.test.context.support.AbstractDirtiesContextTestExecutionListener - Before test class: class [TokenApiControllerTest], class annotated with @DirtiesContext [false] with mode [null]

  .   ____          _            __ _ _
 /\\ / ___'_ __ _ _(_)_ __  __ _ \ \ \ \
( ( )\___ | '_ | '_| | '_ \/ _` | \ \ \ \
 \\/  ___)| |_)| | | | | || (_| |  ) ) ) )
  '  |____| .__|_| |_|_| |_\__, | / / / /
 =========|_|==============|___/=/_/_/_/
 :: Spring Boot ::                (v3.0.2)

2024-01-21T09:22:28.233+09:00  INFO 64075 --- [    Test worker] m.u.s.controller.TokenApiControllerTest  : Starting TokenApiControllerTest using Java 17.0.6 with PID 64075 (started by uhyunglee in /Users/uhyunglee/IdeaProjects/springboot-developer)
2024-01-21T09:22:28.234+09:00  INFO 64075 --- [    Test worker] m.u.s.controller.TokenApiControllerTest  : No active profile set, falling back to 1 default profile: "default"
2024-01-21T09:22:28.538+09:00  INFO 64075 --- [    Test worker] .s.d.r.c.RepositoryConfigurationDelegate : Bootstrapping Spring Data JPA repositories in DEFAULT mode.
2024-01-21T09:22:28.567+09:00  INFO 64075 --- [    Test worker] .s.d.r.c.RepositoryConfigurationDelegate : Finished Spring Data repository scanning in 25 ms. Found 3 JPA repository interfaces.
2024-01-21T09:22:28.791+09:00  INFO 64075 --- [    Test worker] com.zaxxer.hikari.HikariDataSource       : HikariPool-1 - Starting...
2024-01-21T09:22:28.881+09:00  INFO 64075 --- [    Test worker] com.zaxxer.hikari.pool.HikariPool        : HikariPool-1 - Added connection conn0: url=jdbc:h2:mem:testdb user=SA
2024-01-21T09:22:28.882+09:00  INFO 64075 --- [    Test worker] com.zaxxer.hikari.HikariDataSource       : HikariPool-1 - Start completed.
2024-01-21T09:22:28.906+09:00  INFO 64075 --- [    Test worker] o.hibernate.jpa.internal.util.LogHelper  : HHH000204: Processing PersistenceUnitInfo [name: default]
2024-01-21T09:22:28.934+09:00  INFO 64075 --- [    Test worker] org.hibernate.Version                    : HHH000412: Hibernate ORM core version 6.1.6.Final
2024-01-21T09:22:29.015+09:00  WARN 64075 --- [    Test worker] org.hibernate.orm.deprecation            : HHH90000021: Encountered deprecated setting [javax.persistence.sharedCache.mode], use [jakarta.persistence.sharedCache.mode] instead
2024-01-21T09:22:29.085+09:00  INFO 64075 --- [    Test worker] SQL dialect                              : HHH000400: Using dialect: org.hibernate.dialect.H2Dialect
Hibernate: 
    
    drop table if exists article cascade 
Hibernate: 
    
    drop table if exists refresh_token cascade 
Hibernate: 
    
    drop table if exists users cascade 
Hibernate: 
    
    create table article (
       id bigint generated by default as identity,
        content varchar(255) not null,
        created_at timestamp(6),
        title varchar(255) not null,
        updated_at timestamp(6),
        primary key (id)
    )
Hibernate: 
    
    create table refresh_token (
       id bigint generated by default as identity,
        refresh_token varchar(255) not null,
        user_id bigint not null,
        primary key (id)
    )
Hibernate: 
    
    create table users (
       id bigint generated by default as identity,
        email varchar(255) not null,
        password varchar(255),
        primary key (id)
    )
Hibernate: 
    
    alter table if exists refresh_token 
       add constraint UK_f95ixxe7pa48ryn1awmh2evt7 unique (user_id)
Hibernate: 
    
    alter table if exists users 
       add constraint UK_6dotkott2kjsp8vw4d0m25fb7 unique (email)
2024-01-21T09:22:29.427+09:00  INFO 64075 --- [    Test worker] o.h.e.t.j.p.i.JtaPlatformInitiator       : HHH000490: Using JtaPlatform implementation: [org.hibernate.engine.transaction.jta.platform.internal.NoJtaPlatform]
2024-01-21T09:22:29.432+09:00  INFO 64075 --- [    Test worker] j.LocalContainerEntityManagerFactoryBean : Initialized JPA EntityManagerFactory for persistence unit 'default'
2024-01-21T09:22:29.624+09:00  WARN 64075 --- [    Test worker] JpaBaseConfiguration$JpaWebConfiguration : spring.jpa.open-in-view is enabled by default. Therefore, database queries may be performed during view rendering. Explicitly configure spring.jpa.open-in-view to disable this warning
2024-01-21T09:22:29.693+09:00  INFO 64075 --- [    Test worker] o.s.s.web.DefaultSecurityFilterChain     : Will secure any request with [org.springframework.security.web.session.DisableEncodeUrlFilter@3b3a3a92, org.springframework.security.web.context.request.async.WebAsyncManagerIntegrationFilter@65f36591, org.springframework.security.web.context.SecurityContextHolderFilter@3e0b1f03, org.springframework.security.web.header.HeaderWriterFilter@2e03bb74, org.springframework.security.web.authentication.logout.LogoutFilter@24d097c8, org.springframework.security.web.authentication.UsernamePasswordAuthenticationFilter@750b200b, org.springframework.security.web.savedrequest.RequestCacheAwareFilter@51d9479c, org.springframework.security.web.servletapi.SecurityContextHolderAwareRequestFilter@3fcb737, org.springframework.security.web.authentication.AnonymousAuthenticationFilter@7a7bd9a8, org.springframework.security.web.access.ExceptionTranslationFilter@4dd425dc, org.springframework.security.web.access.intercept.AuthorizationFilter@24888d8b]
2024-01-21T09:22:29.908+09:00  INFO 64075 --- [    Test worker] o.s.b.a.h2.H2ConsoleAutoConfiguration    : H2 console available at '/h2-console'. Database available at 'jdbc:h2:mem:testdb'
2024-01-21T09:22:29.930+09:00  WARN 64075 --- [    Test worker] o.s.s.c.a.web.builders.WebSecurity       : You are asking Spring Security to ignore org.springframework.boot.autoconfigure.security.servlet.PathRequest$H2ConsoleRequestMatcher@53570fff. This is not recommended -- please use permitAll via HttpSecurity#authorizeHttpRequests instead.
2024-01-21T09:22:29.930+09:00  INFO 64075 --- [    Test worker] o.s.s.web.DefaultSecurityFilterChain     : Will not secure org.springframework.boot.autoconfigure.security.servlet.PathRequest$H2ConsoleRequestMatcher@53570fff
2024-01-21T09:22:29.930+09:00  WARN 64075 --- [    Test worker] o.s.s.c.a.web.builders.WebSecurity       : You are asking Spring Security to ignore Ant [pattern='/static/**']. This is not recommended -- please use permitAll via HttpSecurity#authorizeHttpRequests instead.
2024-01-21T09:22:29.930+09:00  INFO 64075 --- [    Test worker] o.s.s.web.DefaultSecurityFilterChain     : Will not secure Ant [pattern='/static/**']
2024-01-21T09:22:29.956+09:00  INFO 64075 --- [    Test worker] o.s.b.t.m.w.SpringBootMockServletContext : Initializing Spring TestDispatcherServlet ''
2024-01-21T09:22:29.957+09:00  INFO 64075 --- [    Test worker] o.s.t.web.servlet.TestDispatcherServlet  : Initializing Servlet ''
2024-01-21T09:22:29.957+09:00  INFO 64075 --- [    Test worker] o.s.t.web.servlet.TestDispatcherServlet  : Completed initialization in 0 ms
2024-01-21T09:22:29.975+09:00  INFO 64075 --- [    Test worker] m.u.s.controller.TokenApiControllerTest  : Started TokenApiControllerTest in 1.878 seconds (process running for 2.397)
2024-01-21T09:22:30.051+09:00  INFO 64075 --- [    Test worker] o.s.b.t.m.w.SpringBootMockServletContext : Initializing Spring TestDispatcherServlet ''
2024-01-21T09:22:30.052+09:00  INFO 64075 --- [    Test worker] o.s.t.web.servlet.TestDispatcherServlet  : Initializing Servlet ''
2024-01-21T09:22:30.052+09:00  INFO 64075 --- [    Test worker] o.s.t.web.servlet.TestDispatcherServlet  : Completed initialization in 0 ms
Hibernate: 
    select
        u1_0.id,
        u1_0.email,
        u1_0.password 
    from
        users u1_0
Hibernate: 
    insert 
    into
        users
        (id, email, password) 
    values
        (default, ?, ?)
Hibernate: 
    insert 
    into
        refresh_token
        (id, refresh_token, user_id) 
    values
        (default, ?, ?)
Hibernate: 
    select
        r1_0.id,
        r1_0.refresh_token,
        r1_0.user_id 
    from
        refresh_token r1_0 
    where
        r1_0.refresh_token=?
Hibernate: 
    select
        u1_0.id,
        u1_0.email,
        u1_0.password 
    from
        users u1_0 
    where
        u1_0.id=?
]]></system-out>
  <system-err><![CDATA[]]></system-err>
</testsuite>
